<stores>
  <store class="SeqFileKeyValueStore" name="mapperMap">
    <configuration>
      <property>
        <name>paths</name>
        <value>/tmp/foo.seq</value>
      </property>
    </configuration>
  </store>
</stores>
